
21:37 - 17 September, 2022 => GITLABLISTENER ERROR: Request failed with status code 401
21:37 - 17 September, 2022 => isSound: false

21:38 - 17 September, 2022 => Has been stopped.  
21:38 - 17 September, 2022 => Spawned. 
21:38 - 17 September, 2022 => GITLABLISTENER ERROR: Request failed with status code 401
21:38 - 17 September, 2022 => isSound: false

21:39 - 17 September, 2022 => Has been stopped.  
21:39 - 17 September, 2022 => ======Spawned.======
 
21:39 - 17 September, 2022 => GITLABLISTENER ERROR: Request failed with status code 401
21:39 - 17 September, 2022 => isSound: false

21:39 - 17 September, 2022 => Has been stopped.  
21:40 - 17 September, 2022 => 
======Started.====== 
21:40 - 17 September, 2022 => GITLABLISTENER ERROR: Request failed with status code 401
21:40 - 17 September, 2022 => isSound: false

21:40 - 17 September, 2022 => Has been stopped.  

21:40 - 17 September, 2022 => ======Started.====== 

21:40 - 17 September, 2022 => GITLABLISTENER ERROR: Request failed with status code 401

21:40 - 17 September, 2022 => isSound: false


21:41 - 17 September, 2022 => Has been stopped.  

21:41 - 17 September, 2022 => ========|Started|======== 

21:41 - 17 September, 2022 => GITLABLISTENER ERROR: Request failed with status code 401

21:41 - 17 September, 2022 => isSound: false


21:41 - 17 September, 2022 => Has been stopped.  
21:41 - 17 September, 2022 => ========|Started|======== 
21:41 - 17 September, 2022 => GITLABLISTENER ERROR: Request failed with status code 401
21:41 - 17 September, 2022 => isSound: false

21:41 - 17 September, 2022 => Has been stopped.  